<?xml version="1.0" encoding="UTF-8"?>
<testng-results skipped="0" failed="0" ignored="0" total="1" passed="1">
  <reporter-output>
  </reporter-output>
  <suite name="Default suite" duration-ms="2614" started-at="2021-02-11T00:39:24Z" finished-at="2021-02-11T00:39:27Z">
    <groups>
    </groups>
    <test name="Default test" duration-ms="2614" started-at="2021-02-11T00:39:24Z" finished-at="2021-02-11T00:39:27Z">
      <class name="stepDef.TextBox">
        <test-method status="PASS" signature="i_am_on_the_textbox_page()[pri:0, instance:stepDef.TextBox@56ef9176]" name="i_am_on_the_textbox_page" duration-ms="2593" started-at="2021-02-11T00:39:24Z" finished-at="2021-02-11T00:39:27Z">
          <reporter-output>
          </reporter-output>
        </test-method> <!-- i_am_on_the_textbox_page -->
      </class> <!-- stepDef.TextBox -->
    </test> <!-- Default test -->
  </suite> <!-- Default suite -->
</testng-results>
